<?xml version="1.0" encoding="UTF-8"?>
<!-- Generated by org.testng.reporters.JUnitXMLReporter -->
<testsuite ignored="0" hostname="DESKTOP-3Q80K28" failures="1" tests="2" name="Free CRM Test Cases" time="25.951" errors="0" timestamp="11 Mar 2020 17:35:13 GMT">
  <testcase classname="com.crm.qa.testcases.HomePageTest" name="verifyContactsLinkTest" time="2.249"/>
  <testcase classname="com.crm.qa.testcases.HomePageTest" name="verifyHomePageTitleTest" time="0.01">
    <failure type="junit.framework.ComparisonFailure" message="HomePage Title not matched expected:&amp;lt;...&amp;gt; but was:&amp;lt;...1&amp;gt;">
      <![CDATA[junit.framework.ComparisonFailure: HomePage Title not matched expected:<...> but was:<...1>
at junit.framework.Assert.assertEquals(Assert.java:81)
at com.crm.qa.testcases.HomePageTest.verifyHomePageTitleTest(HomePageTest.java:35)
... Removed 25 stack frames]]>
    </failure>
  </testcase> <!-- verifyHomePageTitleTest -->
</testsuite> <!-- Free CRM Test Cases -->
